11:18:02,095 DEBUG [Main] Logger config loaded!
11:18:02,095 DEBUG [Main] TICK
11:18:16,403 DEBUG [Main] TOCK
11:18:16,403 DEBUG [Main] TICK
11:18:19,927 DEBUG [Main] TOCK
11:18:19,927 DEBUG [Main] TICK
11:18:23,505 DEBUG [Main] TOCK
11:18:23,506 DEBUG [Main] TICK
11:18:27,014 DEBUG [Main] TOCK
11:18:27,015 DEBUG [Main] TICK
11:18:30,720 DEBUG [Main] TOCK
11:18:30,720 DEBUG [Main] TICK
11:18:34,106 DEBUG [Main] TOCK
11:18:34,107 DEBUG [Main] TICK
11:18:54,129 INFO  [GoogleCalendarHelper] We just caught an exception in checkClient().  Calling init().
11:18:57,141 DEBUG [GoogleCalendarHelper] Google calendar opened!
11:18:57,151 INFO  [GoogleCalendarHelper] We just caught an exception in checkClient().  Calling init().
11:19:00,177 DEBUG [GoogleCalendarHelper] Google calendar opened!
11:19:00,196 INFO  [GoogleCalendarHelper] We just caught an exception in checkClient().  Calling init().
11:19:03,208 DEBUG [GoogleCalendarHelper] Google calendar opened!
11:19:03,221 INFO  [GoogleCalendarHelper] We just caught an exception in checkClient().  Calling init().
11:19:06,229 DEBUG [GoogleCalendarHelper] Google calendar opened!
11:19:06,244 INFO  [GoogleCalendarHelper] We just caught an exception in checkClient().  Calling init().
11:19:09,251 DEBUG [GoogleCalendarHelper] Google calendar opened!
11:19:09,259 INFO  [GoogleCalendarHelper] We just caught an exception in checkClient().  Calling init().
11:19:12,267 DEBUG [GoogleCalendarHelper] Google calendar opened!
11:19:12,278 INFO  [GoogleCalendarHelper] We just caught an exception in checkClient().  Calling init().
11:19:15,284 DEBUG [GoogleCalendarHelper] Google calendar opened!
11:19:15,291 INFO  [GoogleCalendarHelper] We just caught an exception in checkClient().  Calling init().
11:19:18,298 DEBUG [GoogleCalendarHelper] Google calendar opened!
11:19:18,305 INFO  [GoogleCalendarHelper] We just caught an exception in checkClient().  Calling init().
11:19:21,311 DEBUG [GoogleCalendarHelper] Google calendar opened!
11:19:26,414 DEBUG [Main] TOCK
11:19:26,415 DEBUG [Main] TICK
11:19:33,470 DEBUG [Main] TOCK
11:19:33,471 DEBUG [Main] TICK
11:19:37,062 DEBUG [Main] TOCK
11:19:37,062 DEBUG [Main] TICK
11:19:40,395 DEBUG [Main] TOCK
11:19:40,395 DEBUG [Main] TICK
11:19:44,618 DEBUG [Main] TOCK
11:19:44,618 DEBUG [Main] TICK
11:19:48,147 DEBUG [Main] TOCK
11:19:48,147 DEBUG [Main] TICK
